<?xml version="1.0" encoding="UTF-8"?>
<!-- Generated by org.testng.reporters.JUnitReportReporter -->
<testsuite hostname="LAPYPRINCE" failures="0" tests="6" name="MultipleData.Data1" time="77.487" errors="0" timestamp="2024-08-02T12:26:09 IST" skipped="0">
  <testcase classname="MultipleData.Data1" name="login" time="12.070"/>
  <testcase classname="MultipleData.Data1" name="login" time="12.428"/>
  <testcase classname="MultipleData.Data1" name="login" time="14.988"/>
  <testcase classname="MultipleData.Data1" name="login" time="12.089"/>
  <testcase classname="MultipleData.Data1" name="login" time="12.927"/>
  <testcase classname="MultipleData.Data1" name="login" time="12.985"/>
</testsuite> <!-- MultipleData.Data1 -->
