<?xml version="1.0" encoding="UTF-8"?>
<!-- Generated by org.testng.reporters.JUnitReportReporter -->
<testsuite hostname="LAPYPRINCE" failures="0" tests="2" name="BrokenLinks.first" time="23.319" errors="0" timestamp="2024-07-31T18:10:04 IST" skipped="0">
  <testcase classname="BrokenLinks.first" name="stats" time="11.405"/>
  <testcase classname="BrokenLinks.first" name="day2" time="11.914"/>
</testsuite> <!-- BrokenLinks.first -->
