<?xml version="1.0" encoding="UTF-8"?>
<!-- Generated by org.testng.reporters.JUnitReportReporter -->
<testsuite hostname="LAPYPRINCE" failures="0" tests="3" name="PersonalMilestone.AssertionsSelf1" time="25.748" errors="0" timestamp="2024-08-04T13:54:28 IST" skipped="0">
  <testcase classname="PersonalMilestone.AssertionsSelf1" name="test3" time="8.018"/>
  <testcase classname="PersonalMilestone.AssertionsSelf1" name="test1" time="7.834"/>
  <testcase classname="PersonalMilestone.AssertionsSelf1" name="test2" time="9.896"/>
</testsuite> <!-- PersonalMilestone.AssertionsSelf1 -->
