<?xml version="1.0" encoding="UTF-8"?>
<!-- Generated by org.testng.reporters.JUnitReportReporter -->
<testsuite hostname="LAPYPRINCE" failures="0" tests="1" name="BrokenLinks.Test2" time="9.730" errors="0" timestamp="2024-07-31T18:46:06 IST" skipped="0">
  <testcase classname="BrokenLinks.Test2" name="Pr" time="9.730"/>
</testsuite> <!-- BrokenLinks.Test2 -->
