<?xml version="1.0" encoding="UTF-8"?>
<!-- Generated by org.testng.reporters.JUnitReportReporter -->
<testsuite hostname="LAPYPRINCE" failures="0" tests="2" name="tests.bfrmthd" time="24.168" errors="0" timestamp="2024-08-01T17:59:44 IST" skipped="0">
  <testcase classname="tests.bfrmthd" name="search2" time="11.329"/>
  <testcase classname="tests.bfrmthd" name="search3" time="12.839"/>
</testsuite> <!-- tests.bfrmthd -->
