<?xml version="1.0" encoding="UTF-8"?>
<!-- Generated by org.testng.reporters.JUnitReportReporter -->
<testsuite hostname="LAPYPRINCE" failures="0" tests="3" name="tests.befores" time="40.802" errors="0" timestamp="2024-08-01T13:11:07 IST" skipped="0">
  <testcase classname="tests.befores" name="search2" time="14.152"/>
  <testcase classname="tests.befores" name="search3" time="12.860"/>
  <testcase classname="tests.befores" name="search" time="13.790"/>
</testsuite> <!-- tests.befores -->
