<?xml version="1.0" encoding="UTF-8"?>
<!-- Generated by org.testng.reporters.JUnitReportReporter -->
<testsuite hostname="LAPYPRINCE" failures="0" tests="2" name="PersonalMilestone.GroupsSelf" time="29.750" errors="0" timestamp="2024-08-04T13:33:32 IST" skipped="0">
  <testcase classname="PersonalMilestone.GroupsSelf" name="test1" time="14.353"/>
  <testcase classname="PersonalMilestone.GroupsSelf" name="test4" time="15.397"/>
</testsuite> <!-- PersonalMilestone.GroupsSelf -->
