<?xml version="1.0" encoding="UTF-8"?>
<!-- Generated by org.testng.reporters.JUnitReportReporter -->
<testsuite hostname="LAPYPRINCE" failures="0" tests="3" name="MultipleData.Reports" time="37.166" errors="0" timestamp="2024-08-02T14:14:42 IST" skipped="0">
  <testcase classname="MultipleData.Reports" name="search" time="13.450"/>
  <testcase classname="MultipleData.Reports" name="search3" time="11.593"/>
  <testcase classname="MultipleData.Reports" name="search2" time="12.123"/>
</testsuite> <!-- MultipleData.Reports -->
