<?xml version="1.0" encoding="UTF-8"?>
<!-- Generated by org.testng.reporters.JUnitReportReporter -->
<testsuite hostname="LAPYPRINCE" failures="0" tests="3" name="tests.bfrtst" time="3.997" errors="0" timestamp="2024-08-01T16:26:14 IST" skipped="0">
  <testcase classname="tests.bfrtst" name="search" time="3.255"/>
  <testcase classname="tests.bfrtst" name="search3" time="0.455"/>
  <testcase classname="tests.bfrtst" name="search2" time="0.287"/>
</testsuite> <!-- tests.bfrtst -->
