<?xml version="1.0" encoding="UTF-8"?>
<!-- Generated by org.testng.reporters.JUnitReportReporter -->
<testsuite hostname="LAPYPRINCE" failures="0" tests="8" name="PersonalMilestone.Selfdprovider" time="77.770" errors="0" timestamp="2024-08-05T23:07:02 IST" skipped="0">
  <testcase classname="PersonalMilestone.Selfdprovider" name="first" time="9.367"/>
  <testcase classname="PersonalMilestone.Selfdprovider" name="first" time="9.381"/>
  <testcase classname="PersonalMilestone.Selfdprovider" name="first" time="9.495"/>
  <testcase classname="PersonalMilestone.Selfdprovider" name="first" time="9.899"/>
  <testcase classname="PersonalMilestone.Selfdprovider" name="first" time="9.506"/>
  <testcase classname="PersonalMilestone.Selfdprovider" name="first" time="10.560"/>
  <testcase classname="PersonalMilestone.Selfdprovider" name="first" time="9.736"/>
  <testcase classname="PersonalMilestone.Selfdprovider" name="first" time="9.826"/>
</testsuite> <!-- PersonalMilestone.Selfdprovider -->
