<?xml version="1.0" encoding="UTF-8"?>
<!-- Generated by org.testng.reporters.JUnitReportReporter -->
<testsuite hostname="LAPYPRINCE" failures="0" tests="1" name="PersonalMilestone.MultipleTestNGCases" time="3.759" errors="0" timestamp="2024-08-02T01:32:03 IST" skipped="0">
  <testcase classname="PersonalMilestone.MultipleTestNGCases" name="searchlaptop" time="3.759"/>
</testsuite> <!-- PersonalMilestone.MultipleTestNGCases -->
