<?xml version="1.0" encoding="UTF-8"?>
<!-- Generated by org.testng.reporters.JUnitReportReporter -->
<testsuite hostname="LAPYPRINCE" failures="0" tests="2" name="PersonalMilestone.ExtentSelf" time="31.255" errors="0" timestamp="2024-08-02T23:37:15 IST" skipped="0">
  <testcase classname="PersonalMilestone.ExtentSelf" name="test2" time="15.704"/>
  <testcase classname="PersonalMilestone.ExtentSelf" name="test1" time="15.551"/>
</testsuite> <!-- PersonalMilestone.ExtentSelf -->
