<?xml version="1.0" encoding="UTF-8"?>
<!-- Generated by org.testng.reporters.JUnitReportReporter -->
<testsuite hostname="LAPYPRINCE" failures="0" tests="1" name="PersonalMilestone.Assertions" time="13.413" errors="0" timestamp="2024-08-03T00:04:45 IST" skipped="0">
  <testcase classname="PersonalMilestone.Assertions" name="test1" time="13.413"/>
</testsuite> <!-- PersonalMilestone.Assertions -->
