<?xml version="1.0" encoding="UTF-8"?>
<!-- Generated by org.testng.reporters.JUnitReportReporter -->
<testsuite hostname="LAPYPRINCE" failures="0" tests="3" name="tests.BefroMTst" time="3.989" errors="0" timestamp="2024-08-01T13:26:44 IST" skipped="0">
  <testcase classname="tests.BefroMTst" name="search" time="3.499"/>
  <testcase classname="tests.BefroMTst" name="search3" time="0.118"/>
  <testcase classname="tests.BefroMTst" name="search2" time="0.372"/>
</testsuite> <!-- tests.BefroMTst -->
