<?xml version="1.0" encoding="UTF-8"?>
<!-- Generated by org.testng.reporters.JUnitReportReporter -->
<testsuite hostname="LAPYPRINCE" failures="0" tests="2" name="PersonalMilestone.DependsooSelf" time="6.781" errors="0" timestamp="2024-08-10T12:29:17 IST" skipped="0">
  <testcase classname="PersonalMilestone.DependsooSelf" name="test1" time="4.084"/>
  <testcase classname="PersonalMilestone.DependsooSelf" name="test3" time="2.697"/>
</testsuite> <!-- PersonalMilestone.DependsooSelf -->
