<?xml version="1.0" encoding="UTF-8"?>
<!-- Generated by org.testng.reporters.JUnitReportReporter -->
<testsuite hostname="LAPYPRINCE" failures="0" tests="3" name="tests.Dependon" time="14.146" errors="0" timestamp="2024-08-05T13:29:51 IST" skipped="0">
  <testcase classname="tests.Dependon" name="search2" time="3.525"/>
  <testcase classname="tests.Dependon" name="check" time="6.841"/>
  <testcase classname="tests.Dependon" name="search1" time="3.780"/>
</testsuite> <!-- tests.Dependon -->
