<?xml version="1.0" encoding="UTF-8"?>
<!-- Generated by org.testng.reporters.JUnitReportReporter -->
<testsuite hostname="LAPYPRINCE" failures="0" tests="3" name="tests.TestPriorit" time="41.213" errors="0" timestamp="2024-08-01T16:56:14 IST" skipped="0">
  <testcase classname="tests.TestPriorit" name="search2" time="14.915"/>
  <testcase classname="tests.TestPriorit" name="search3" time="12.386"/>
  <testcase classname="tests.TestPriorit" name="search" time="13.912"/>
</testsuite> <!-- tests.TestPriorit -->
